Problem:    e1
Rows:       8
Columns:    12
Non-zeros:  36
Status:     OPTIMAL
Objective:  cost = 8525000 (MINimum)

   No.   Row name   St   Activity     Lower bound   Upper bound    Marginal
------ ------------ -- ------------- ------------- ------------- -------------
     1 demand_constraint[1,110000]
                    NL        110000        110000                           7 
     2 demand_constraint[2,220000]
                    NL        220000        220000                          11 
     3 demand_constraint[3,330000]
                    NL        330000        330000                           7 
     4 demand_constraint[4,440000]
                    NL        440000        440000                          12 
     5 supply_constraint[1,275000]
                    NU        275000                      275000            -1 
     6 supply_constraint[2,550000]
                    B         165000                      550000 
     7 supply_constraint[3,660000]
                    NU        660000                      660000            -3 
     8 cost         B      8.525e+06                             

   No. Column name  St   Activity     Lower bound   Upper bound    Marginal
------ ------------ -- ------------- ------------- ------------- -------------
     1 supply[1,1]  NL             0             0                           4 
     2 supply[2,1]  B         110000             0               
     3 supply[3,1]  NL             0             0                           4 
     4 supply[1,2]  B         165000             0               
     5 supply[2,2]  B          55000             0               
     6 supply[3,2]  NL             0             0                           6 
     7 supply[1,3]  NL             0             0                           3 
     8 supply[2,3]  NL             0             0                           5 
     9 supply[3,3]  B         330000             0               
    10 supply[1,4]  B         110000             0               
    11 supply[2,4]  NL             0             0                           1 
    12 supply[3,4]  B         330000             0               

Karush-Kuhn-Tucker optimality conditions:

KKT.PE: max.abs.err = 0.00e+00 on row 0
        max.rel.err = 0.00e+00 on row 0
        High quality

KKT.PB: max.abs.err = 0.00e+00 on row 0
        max.rel.err = 0.00e+00 on row 0
        High quality

KKT.DE: max.abs.err = 0.00e+00 on column 0
        max.rel.err = 0.00e+00 on column 0
        High quality

KKT.DB: max.abs.err = 0.00e+00 on row 0
        max.rel.err = 0.00e+00 on row 0
        High quality

End of output
