Problem:    e2
Rows:       22
Columns:    60 (60 integer, 60 binary)
Non-zeros:  240
Status:     INTEGER OPTIMAL
Objective:  path = 157 (MINimum)

   No.   Row name        Activity     Lower bound   Upper bound
------ ------------    ------------- ------------- -------------
     1 path                      157                             
     2 dst_edges                   1             1             = 
     3 src_edges                   1             1             = 
     4 edge_difference[2]
                                   0            -0             = 
     5 edge_difference[3]
                                   0            -0             = 
     6 edge_difference[4]
                                   0            -0             = 
     7 edge_difference[5]
                                   0            -0             = 
     8 edge_difference[6]
                                   0            -0             = 
     9 edge_difference[7]
                                   0            -0             = 
    10 edge_difference[8]
                                   0            -0             = 
    11 edge_difference[9]
                                   0            -0             = 
    12 edge_difference[10]
                                   0            -0             = 
    13 edge_difference[11]
                                   0            -0             = 
    14 edge_difference[12]
                                   0            -0             = 
    15 edge_difference[13]
                                   0            -0             = 
    16 edge_difference[14]
                                   0            -0             = 
    17 edge_difference[15]
                                   0            -0             = 
    18 edge_difference[17]
                                   0            -0             = 
    19 edge_difference[18]
                                   0            -0             = 
    20 edge_difference[19]
                                   0            -0             = 
    21 edge_difference[20]
                                   0            -0             = 
    22 time_constraint
                                 218                        1500 

   No. Column name       Activity     Lower bound   Upper bound
------ ------------    ------------- ------------- -------------
     1 edges[1,3]   *              0             0             1 
     2 edges[3,1]   *              0             0             1 
     3 edges[1,4]   *              1             0             1 
     4 edges[4,1]   *              0             0             1 
     5 edges[1,5]   *              0             0             1 
     6 edges[5,1]   *              0             0             1 
     7 edges[3,9]   *              0             0             1 
     8 edges[9,3]   *              0             0             1 
     9 edges[3,10]  *              0             0             1 
    10 edges[10,3]  *              0             0             1 
    11 edges[4,11]  *              0             0             1 
    12 edges[11,4]  *              0             0             1 
    13 edges[4,13]  *              1             0             1 
    14 edges[13,4]  *              0             0             1 
    15 edges[5,12]  *              0             0             1 
    16 edges[12,5]  *              0             0             1 
    17 edges[5,14]  *              0             0             1 
    18 edges[14,5]  *              0             0             1 
    19 edges[2,6]   *              0             0             1 
    20 edges[6,2]   *              0             0             1 
    21 edges[2,7]   *              0             0             1 
    22 edges[7,2]   *              0             0             1 
    23 edges[2,8]   *              0             0             1 
    24 edges[8,2]   *              0             0             1 
    25 edges[6,15]  *              0             0             1 
    26 edges[15,6]  *              0             0             1 
    27 edges[6,16]  *              0             0             1 
    28 edges[16,6]  *              0             0             1 
    29 edges[7,17]  *              0             0             1 
    30 edges[17,7]  *              0             0             1 
    31 edges[7,19]  *              0             0             1 
    32 edges[19,7]  *              0             0             1 
    33 edges[8,18]  *              0             0             1 
    34 edges[18,8]  *              0             0             1 
    35 edges[8,20]  *              0             0             1 
    36 edges[20,8]  *              0             0             1 
    37 edges[9,11]  *              0             0             1 
    38 edges[11,9]  *              0             0             1 
    39 edges[9,18]  *              0             0             1 
    40 edges[18,9]  *              0             0             1 
    41 edges[10,12] *              0             0             1 
    42 edges[12,10] *              0             0             1 
    43 edges[10,17] *              0             0             1 
    44 edges[17,10] *              0             0             1 
    45 edges[11,20] *              0             0             1 
    46 edges[20,11] *              0             0             1 
    47 edges[13,14] *              1             0             1 
    48 edges[14,13] *              0             0             1 
    49 edges[13,15] *              0             0             1 
    50 edges[15,13] *              0             0             1 
    51 edges[12,19] *              0             0             1 
    52 edges[19,12] *              0             0             1 
    53 edges[14,16] *              1             0             1 
    54 edges[16,14] *              0             0             1 
    55 edges[15,20] *              0             0             1 
    56 edges[20,15] *              0             0             1 
    57 edges[16,19] *              0             0             1 
    58 edges[19,16] *              0             0             1 
    59 edges[17,18] *              0             0             1 
    60 edges[18,17] *              0             0             1 

Integer feasibility conditions:

KKT.PE: max.abs.err = 0.00e+00 on row 0
        max.rel.err = 0.00e+00 on row 0
        High quality

KKT.PB: max.abs.err = 0.00e+00 on row 0
        max.rel.err = 0.00e+00 on row 0
        High quality

End of output
